Mémoire totale : 1,9 GiB
Instanciation du bot "Random"
8 classes ont été trouvées
class awele.bot.random.RandomBot
class awele.bot.camham.CamhamBot
class awele.bot.first.FirstBot
class awele.bot.last.LastBot
class awele.bot.minmax.MinMaxBot
class awele.bot.knn2.Knn2Bot
class awele.bot.StrategieRapide.StrategieRapideBot
class awele.bot.knn1.Knn1Bot

Bot 1/8
Classe : awele.bot.random.RandomBot
Instanciation du bot "Random"
Nom du bot : Random
Temps d'apprentissage : 00:00:00.000
Durée d'une prise de décision : 00:00:00.000
Usage mémoire : 0 B
Usage mémoire maximum : 412,6 KiB

Bot 2/8
Classe : awele.bot.camham.CamhamBot
Nom du bot : 
Bot "awele.bot.camham.CamhamBot" disqualifié : ne peut pas être instancié
java.lang.IndexOutOfBoundsException: Index 0 out of bounds for length 0

Bot 3/8
Classe : awele.bot.first.FirstBot
Instanciation du bot "First"
Nom du bot : First
Temps d'apprentissage : 00:00:00.000
Durée d'une prise de décision : 00:00:00.000
Usage mémoire : 504 B
Usage mémoire maximum : 387,6 KiB

Bot 4/8
Classe : awele.bot.last.LastBot
Instanciation du bot "Last"
Nom du bot : Last
Temps d'apprentissage : 00:00:00.000
Durée d'une prise de décision : 00:00:00.000
Usage mémoire : 584 B
Usage mémoire maximum : 387,6 KiB

Bot 5/8
Classe : awele.bot.minmax.MinMaxBot
Instanciation du bot "MinMax"
Nom du bot : MinMax
Temps d'apprentissage : 00:00:00.000
Durée d'une prise de décision : 00:00:00.145
Bot "MinMax" disqualifié : durée d'une prise de décision trop long

Bot 6/8
Classe : awele.bot.knn2.Knn2Bot
Instanciation du bot "k-NN2"
Nom du bot : k-NN2
Temps d'apprentissage : 00:00:00.030
Durée d'une prise de décision : 00:00:00.000
Usage mémoire : 26,2 KiB
Usage mémoire maximum : 1,6 MiB

Bot 7/8
Classe : awele.bot.StrategieRapide.StrategieRapideBot
Instanciation du bot "Le stratege rapide"
Nom du bot : Le stratege rapide
Temps d'apprentissage : 00:00:00.000
Durée d'une prise de décision : 00:00:00.000
Usage mémoire : 776 B
Usage mémoire maximum : 676,2 KiB

Bot 8/8
Classe : awele.bot.knn1.Knn1Bot
Instanciation du bot "k-NN1"
Nom du bot : k-NN1
Temps d'apprentissage : 00:00:00.010
Durée d'une prise de décision : 00:00:00.000
Usage mémoire : 12,4 KiB
Usage mémoire maximum : 937,9 KiB

6 bots ont été instanciés
Durée du chargement : 00:00:06.271
Mémoire utilisée : 4,3 MiB

Que le championnat commence !

Affrontement 1/15
Random vs. First
Score : 1.44 - 1.53
First a gagné
Nombre de coups joués : 154.93 par match
Durée : 00:00:00.000 par match
Mémoire utilisée : 4,1 MiB

Affrontement 2/15
Random vs. Last
Score : 0.09 - 2.91
Last a gagné
Nombre de coups joués : 107.945 par match
Durée : 00:00:00.000 par match
Mémoire utilisée : 4,1 MiB

Affrontement 3/15
Random vs. k-NN2
Score : 0.3 - 2.7
k-NN2 a gagné
Nombre de coups joués : 74.97 par match
Durée : 00:00:00.001 par match
Mémoire utilisée : 4,1 MiB

Affrontement 4/15
Random vs. Le stratege rapide
Score : 0.09 - 2.91
Le stratege rapide a gagné
Nombre de coups joués : 84.215 par match
Durée : 00:00:00.000 par match
Mémoire utilisée : 4,1 MiB

Affrontement 5/15
Random vs. k-NN1
Score : 0.34 - 2.65
k-NN1 a gagné
Nombre de coups joués : 74.205 par match
Durée : 00:00:00.000 par match
Mémoire utilisée : 4,1 MiB

Affrontement 6/15
First vs. Last
Score : 0.0 - 3.0
Last a gagné
Nombre de coups joués : 291.5 par match
Durée : 00:00:00.000 par match
Mémoire utilisée : 4,1 MiB

Affrontement 7/15
First vs. k-NN2
Score : 0.36 - 2.64
k-NN2 a gagné
Nombre de coups joués : 180.59 par match
Durée : 00:00:00.002 par match
Mémoire utilisée : 4,1 MiB

Affrontement 8/15
First vs. Le stratege rapide
Score : 0.0 - 3.0
Le stratege rapide a gagné
Nombre de coups joués : 387.5 par match
Durée : 00:00:00.000 par match
Mémoire utilisée : 4,1 MiB

Affrontement 9/15
First vs. k-NN1
Score : 0.94 - 2.05
k-NN1 a gagné
Nombre de coups joués : 168.915 par match
Durée : 00:00:00.001 par match
Mémoire utilisée : 4,1 MiB

Affrontement 10/15
Last vs. k-NN2
Score : 2.94 - 0.06
Last a gagné
Nombre de coups joués : 109.9 par match
Durée : 00:00:00.001 par match
Mémoire utilisée : 4,1 MiB

Affrontement 11/15
Last vs. Le stratege rapide
Score : 0.0 - 3.0
Le stratege rapide a gagné
Nombre de coups joués : 101.25 par match
Durée : 00:00:00.000 par match
Mémoire utilisée : 4,1 MiB

Affrontement 12/15
Last vs. k-NN1
Score : 2.88 - 0.12
Last a gagné
Nombre de coups joués : 115.42 par match
Durée : 00:00:00.000 par match
Mémoire utilisée : 4,1 MiB

Affrontement 13/15
k-NN2 vs. Le stratege rapide
Score : 0.0 - 3.0
Le stratege rapide a gagné
Nombre de coups joués : 96.8 par match
Durée : 00:00:00.001 par match
Mémoire utilisée : 4,1 MiB

Affrontement 14/15
k-NN2 vs. k-NN1
Score : 2.3 - 0.68
k-NN2 a gagné
Nombre de coups joués : 72.85 par match
Durée : 00:00:00.001 par match
Mémoire utilisée : 4,1 MiB

Affrontement 15/15
Le stratege rapide vs. k-NN1
Score : 3.0 - 0.0
Le stratege rapide a gagné
Nombre de coups joués : 90.86 par match
Durée : 00:00:00.000 par match
Mémoire utilisée : 4,1 MiB

Durée du championnat : 00:00:03.040

Scores finaux :
Random : 2.26
First : 2.83
Last : 11.73
k-NN2 : 7.7
Le stratege rapide : 14.91
k-NN1 : 5.5

Rangs :
1. Le stratege rapide : 14.91
2. Last : 11.73
3. k-NN2 : 7.7
4. k-NN1 : 5.5
5. First : 2.83
6. Random : 2.26
